c:\myprojects\basedrp\ojpenhanced\cgamex86.bsc
c:\myprojects\basedrp\source\debug\jk2cgame\vc143.pdb
c:\myprojects\basedrp\source\debug\jk2cgame\vc143.idb
c:\myprojects\basedrp\source\debug\jk2cgame\animalnpc.sbr
c:\myprojects\basedrp\source\debug\jk2cgame\bg_g2_utils.sbr
c:\myprojects\basedrp\source\debug\jk2cgame\bg_misc.sbr
c:\myprojects\basedrp\source\debug\jk2cgame\bg_panimate.sbr
c:\myprojects\basedrp\source\debug\jk2cgame\bg_pmove.sbr
c:\myprojects\basedrp\source\debug\jk2cgame\bg_saber.sbr
c:\myprojects\basedrp\source\debug\jk2cgame\bg_saberload.sbr
c:\myprojects\basedrp\source\debug\jk2cgame\bg_saga.sbr
c:\myprojects\basedrp\source\debug\jk2cgame\bg_slidemove.sbr
c:\myprojects\basedrp\source\debug\jk2cgame\bg_vehicleload.sbr
c:\myprojects\basedrp\source\debug\jk2cgame\bg_weapons.sbr
c:\myprojects\basedrp\source\debug\jk2cgame\cg_camera.sbr
c:\myprojects\basedrp\source\debug\jk2cgame\cg_consolecmds.sbr
c:\myprojects\basedrp\source\debug\jk2cgame\cg_draw.sbr
c:\myprojects\basedrp\source\debug\jk2cgame\cg_drawtools.sbr
c:\myprojects\basedrp\source\debug\jk2cgame\cg_effects.sbr
c:\myprojects\basedrp\source\debug\jk2cgame\cg_ents.sbr
c:\myprojects\basedrp\source\debug\jk2cgame\cg_event.sbr
c:\myprojects\basedrp\source\debug\jk2cgame\cg_holster.sbr
c:\myprojects\basedrp\source\debug\jk2cgame\cg_info.sbr
c:\myprojects\basedrp\source\debug\jk2cgame\cg_info.obj
c:\myprojects\basedrp\source\debug\jk2cgame\cg_holster.obj
c:\myprojects\basedrp\source\debug\jk2cgame\cg_event.obj
c:\myprojects\basedrp\source\debug\jk2cgame\cg_ents.obj
c:\myprojects\basedrp\source\debug\jk2cgame\cg_effects.obj
c:\myprojects\basedrp\source\debug\jk2cgame\cg_drawtools.obj
c:\myprojects\basedrp\source\debug\jk2cgame\cg_draw.obj
c:\myprojects\basedrp\source\debug\jk2cgame\cg_consolecmds.obj
c:\myprojects\basedrp\source\debug\jk2cgame\cg_camera.obj
c:\myprojects\basedrp\source\debug\jk2cgame\bg_weapons.obj
c:\myprojects\basedrp\source\debug\jk2cgame\bg_vehicleload.obj
c:\myprojects\basedrp\source\debug\jk2cgame\bg_slidemove.obj
c:\myprojects\basedrp\source\debug\jk2cgame\bg_saga.obj
c:\myprojects\basedrp\source\debug\jk2cgame\bg_saberload.obj
c:\myprojects\basedrp\source\debug\jk2cgame\bg_saber.obj
c:\myprojects\basedrp\source\debug\jk2cgame\bg_pmove.obj
c:\myprojects\basedrp\source\debug\jk2cgame\bg_panimate.obj
c:\myprojects\basedrp\source\debug\jk2cgame\bg_misc.obj
c:\myprojects\basedrp\source\debug\jk2cgame\bg_g2_utils.obj
c:\myprojects\basedrp\source\debug\jk2cgame\animalnpc.obj
c:\myprojects\basedrp\source\debug\jk2cgame\cg_light.sbr
c:\myprojects\basedrp\source\debug\jk2cgame\cg_localents.sbr
c:\myprojects\basedrp\source\debug\jk2cgame\cg_main.sbr
c:\myprojects\basedrp\source\debug\jk2cgame\cg_marks.sbr
c:\myprojects\basedrp\source\debug\jk2cgame\cg_newdraw.sbr
c:\myprojects\basedrp\source\debug\jk2cgame\cg_players.sbr
c:\myprojects\basedrp\source\debug\jk2cgame\cg_playerstate.sbr
c:\myprojects\basedrp\source\debug\jk2cgame\cg_predict.sbr
c:\myprojects\basedrp\source\debug\jk2cgame\cg_saga.sbr
c:\myprojects\basedrp\source\debug\jk2cgame\cg_scoreboard.sbr
c:\myprojects\basedrp\source\debug\jk2cgame\cg_servercmds.sbr
c:\myprojects\basedrp\source\debug\jk2cgame\cg_snapshot.sbr
c:\myprojects\basedrp\source\debug\jk2cgame\cg_strap.sbr
c:\myprojects\basedrp\source\debug\jk2cgame\cg_syscalls.sbr
c:\myprojects\basedrp\source\debug\jk2cgame\cg_turret.sbr
c:\myprojects\basedrp\source\debug\jk2cgame\cg_view.sbr
c:\myprojects\basedrp\source\debug\jk2cgame\cg_weaponinit.sbr
c:\myprojects\basedrp\source\debug\jk2cgame\cg_weapons.sbr
c:\myprojects\basedrp\source\debug\jk2cgame\fighternpc.sbr
c:\myprojects\basedrp\source\debug\jk2cgame\fx_blaster.sbr
c:\myprojects\basedrp\source\debug\jk2cgame\fx_blaster.obj
c:\myprojects\basedrp\source\debug\jk2cgame\fighternpc.obj
c:\myprojects\basedrp\source\debug\jk2cgame\cg_weapons.obj
c:\myprojects\basedrp\source\debug\jk2cgame\cg_weaponinit.obj
c:\myprojects\basedrp\source\debug\jk2cgame\cg_view.obj
c:\myprojects\basedrp\source\debug\jk2cgame\cg_turret.obj
c:\myprojects\basedrp\source\debug\jk2cgame\cg_syscalls.obj
c:\myprojects\basedrp\source\debug\jk2cgame\cg_strap.obj
c:\myprojects\basedrp\source\debug\jk2cgame\cg_snapshot.obj
c:\myprojects\basedrp\source\debug\jk2cgame\cg_servercmds.obj
c:\myprojects\basedrp\source\debug\jk2cgame\cg_scoreboard.obj
c:\myprojects\basedrp\source\debug\jk2cgame\cg_saga.obj
c:\myprojects\basedrp\source\debug\jk2cgame\cg_predict.obj
c:\myprojects\basedrp\source\debug\jk2cgame\cg_playerstate.obj
c:\myprojects\basedrp\source\debug\jk2cgame\cg_players.obj
c:\myprojects\basedrp\source\debug\jk2cgame\cg_newdraw.obj
c:\myprojects\basedrp\source\debug\jk2cgame\cg_marks.obj
c:\myprojects\basedrp\source\debug\jk2cgame\cg_main.obj
c:\myprojects\basedrp\source\debug\jk2cgame\cg_localents.obj
c:\myprojects\basedrp\source\debug\jk2cgame\cg_light.obj
c:\myprojects\basedrp\source\debug\jk2cgame\fx_bowcaster.sbr
c:\myprojects\basedrp\source\debug\jk2cgame\fx_bryarpistol.sbr
c:\myprojects\basedrp\source\debug\jk2cgame\fx_demp2.sbr
c:\myprojects\basedrp\source\debug\jk2cgame\fx_disruptor.sbr
c:\myprojects\basedrp\source\debug\jk2cgame\fx_flechette.sbr
c:\myprojects\basedrp\source\debug\jk2cgame\fx_force.sbr
c:\myprojects\basedrp\source\debug\jk2cgame\fx_heavyrepeater.sbr
c:\myprojects\basedrp\source\debug\jk2cgame\fx_rocketlauncher.sbr
c:\myprojects\basedrp\source\debug\jk2cgame\q_math.sbr
c:\myprojects\basedrp\source\debug\jk2cgame\q_shared.sbr
c:\myprojects\basedrp\source\debug\jk2cgame\speedernpc.sbr
c:\myprojects\basedrp\source\debug\jk2cgame\ui_shared.sbr
c:\myprojects\basedrp\source\debug\jk2cgame\walkernpc.sbr
c:\myprojects\basedrp\source\debug\jk2cgame\walkernpc.obj
c:\myprojects\basedrp\source\debug\jk2cgame\ui_shared.obj
c:\myprojects\basedrp\source\debug\jk2cgame\speedernpc.obj
c:\myprojects\basedrp\source\debug\jk2cgame\q_shared.obj
c:\myprojects\basedrp\source\debug\jk2cgame\q_math.obj
c:\myprojects\basedrp\source\debug\jk2cgame\fx_rocketlauncher.obj
c:\myprojects\basedrp\source\debug\jk2cgame\fx_heavyrepeater.obj
c:\myprojects\basedrp\source\debug\jk2cgame\fx_force.obj
c:\myprojects\basedrp\source\debug\jk2cgame\fx_flechette.obj
c:\myprojects\basedrp\source\debug\jk2cgame\fx_disruptor.obj
c:\myprojects\basedrp\source\debug\jk2cgame\fx_demp2.obj
c:\myprojects\basedrp\source\debug\jk2cgame\fx_bryarpistol.obj
c:\myprojects\basedrp\source\debug\jk2cgame\fx_bowcaster.obj
c:\myprojects\basedrp\source\debug\jk2cgame\cgamex86.ilk
c:\myprojects\basedrp\ojpenhanced\cgamex86.dll
c:\myprojects\basedrp\source\debug\cgamex86.map
c:\myprojects\basedrp\source\debug\cgamex86.pdb
c:\myprojects\basedrp\source\debug\cgamex86.lib
c:\myprojects\basedrp\source\debug\cgamex86.exp
c:\myprojects\basedrp\source\debug\jk2cgame\jk2cgame.tlog\bscmake.command.1.tlog
c:\myprojects\basedrp\source\debug\jk2cgame\jk2cgame.tlog\bscmake.read.1.tlog
c:\myprojects\basedrp\source\debug\jk2cgame\jk2cgame.tlog\bscmake.write.1.tlog
c:\myprojects\basedrp\source\debug\jk2cgame\jk2cgame.tlog\cl.command.1.tlog
c:\myprojects\basedrp\source\debug\jk2cgame\jk2cgame.tlog\cl.items.tlog
c:\myprojects\basedrp\source\debug\jk2cgame\jk2cgame.tlog\cl.read.1.tlog
c:\myprojects\basedrp\source\debug\jk2cgame\jk2cgame.tlog\cl.write.1.tlog
c:\myprojects\basedrp\source\debug\jk2cgame\jk2cgame.tlog\link.command.1.tlog
c:\myprojects\basedrp\source\debug\jk2cgame\jk2cgame.tlog\link.read.1.tlog
c:\myprojects\basedrp\source\debug\jk2cgame\jk2cgame.tlog\link.write.1.tlog
c:\myprojects\basedrp\source\debug\jk2cgame\jk2cgame.tlog\link.write.2u.tlog
