  0:00 ------------------------------------------------------------
  0:00 InitGame: \g_siegeTeamSwitch\1\sv_floodProtect\1\sv_maxPing\0\sv_minPing\0\sv_maxRate\0\sv_hostname\*Jedi*\capturelimit\0\version\JAmp: v1.0.1.0 win-x86 Oct 24 2003\dmflags\0\fraglimit\20\timelimit\0\g_maxHolocronCarry\3\g_privateDuel\1\g_saberLocking\1\g_maxForceRank\6\duel_fraglimit\10\g_forceBasedTeams\0\g_duelWeaponDisable\1\g_gametype\0\g_needpass\0\protocol\26\mapname\mp/ffa3\sv_privateClients\0\sv_maxclients\8\sv_allowDownload\0\g_debugMelee\0\g_stepSlideFix\1\g_noSpecMove\0\gamename\basejka\g_maxGameClients\0\g_jediVmerc\0\g_allowNPC\1\g_forceRegenTime\200\g_forcePowerDisable\0\g_weaponDisable\0\g_siegeRespawn\20\g_saberWallDamageScale\0.4\bg_fighterAltControl\0\g_siegeTeam1\none\g_siegeTeam2\none\g_showDuelHealths\0
  0:00 ClientConnect: 0
  0:00 ClientBegin: 0
  0:07 ShutdownGame:
  0:07 ------------------------------------------------------------
  0:00 ------------------------------------------------------------
  0:00 InitGame: \g_siegeTeam2\none\g_siegeTeam1\none\g_siegeRespawn\20\g_weaponDisable\0\g_forcePowerDisable\0\g_forceRegenTime\200\g_jediVmerc\0\g_maxGameClients\0\sv_maxclients\8\g_duelWeaponDisable\1\g_forceBasedTeams\0\duel_fraglimit\10\g_maxForceRank\6\g_saberLocking\1\g_privateDuel\1\timelimit\0\fraglimit\20\dmflags\0\capturelimit\0\sv_hostname\*Jedi*\sv_maxRate\0\sv_minPing\0\sv_maxPing\0\sv_floodProtect\1\g_siegeTeamSwitch\1\version\JAmp: v1.0.1.0 win-x86 Oct 24 2003\g_maxHolocronCarry\3\g_gametype\0\g_needpass\0\protocol\26\mapname\mp/ffa3\sv_privateClients\0\sv_allowDownload\0\g_debugMelee\0\g_stepSlideFix\1\g_noSpecMove\0\gamename\basejka\g_allowNPC\1\g_saberWallDamageScale\0.4\bg_fighterAltControl\0\g_showDuelHealths\0
  0:00 ClientConnect: 0
  0:00 ClientBegin: 0
  0:04 ShutdownGame:
  0:04 ------------------------------------------------------------
  0:00 ------------------------------------------------------------
  0:00 InitGame: \g_siegeTeamSwitch\1\sv_floodProtect\1\sv_maxPing\0\sv_minPing\0\sv_maxRate\0\sv_hostname\*Jedi*\capturelimit\0\dmflags\0\fraglimit\20\timelimit\0\g_privateDuel\1\g_saberLocking\1\g_maxForceRank\6\duel_fraglimit\10\g_forceBasedTeams\0\g_duelWeaponDisable\1\sv_maxclients\8\g_maxGameClients\0\g_jediVmerc\0\g_forceRegenTime\200\g_forcePowerDisable\0\g_weaponDisable\0\g_siegeRespawn\20\g_siegeTeam1\none\g_siegeTeam2\none\version\JAmp: v1.0.1.0 win-x86 Oct 24 2003\g_maxHolocronCarry\3\g_gametype\0\g_needpass\0\protocol\26\mapname\mp/ffa3\sv_privateClients\0\sv_allowDownload\0\g_debugMelee\0\g_stepSlideFix\1\g_noSpecMove\0\gamename\basejka\g_allowNPC\1\g_saberWallDamageScale\0.4\bg_fighterAltControl\0\g_showDuelHealths\0
  0:00 ClientConnect: 0
  0:00 ClientBegin: 0
  0:29 ShutdownGame:
  0:29 ------------------------------------------------------------
  0:29 ------------------------------------------------------------
  0:29 InitGame: \g_siegeTeamSwitch\1\sv_floodProtect\1\sv_maxPing\0\sv_minPing\0\sv_maxRate\0\sv_hostname\*Jedi*\capturelimit\0\dmflags\0\fraglimit\20\timelimit\0\g_privateDuel\1\g_saberLocking\1\g_maxForceRank\6\duel_fraglimit\10\g_forceBasedTeams\0\g_duelWeaponDisable\1\sv_maxclients\8\g_maxGameClients\0\g_jediVmerc\0\g_forceRegenTime\200\g_forcePowerDisable\0\g_weaponDisable\0\g_siegeRespawn\20\g_siegeTeam1\none\g_siegeTeam2\none\version\JAmp: v1.0.1.0 win-x86 Oct 24 2003\g_maxHolocronCarry\3\g_gametype\0\g_needpass\0\protocol\26\mapname\kor2\sv_privateClients\0\sv_allowDownload\0\bot_minplayers\0\g_debugMelee\0\g_stepSlideFix\1\g_noSpecMove\0\gamename\basejka\g_allowNPC\1\g_saberWallDamageScale\0.4\bg_fighterAltControl\0\g_showDuelHealths\0
  0:29 ClientConnect: 0
  0:30 ClientBegin: 0
  0:45 Kill: 1022 188 3: <world> killed  by MOD_SABER
  0:49 Kill: 1022 193 3: <world> killed  by MOD_SABER
  0:51 ShutdownGame:
  0:51 ------------------------------------------------------------
  0:00 ------------------------------------------------------------
  0:00 InitGame: \g_siegeTeamSwitch\1\sv_floodProtect\1\sv_maxPing\0\sv_minPing\0\sv_maxRate\0\sv_hostname\*Jedi*\capturelimit\0\dmflags\0\fraglimit\20\timelimit\0\g_privateDuel\1\g_saberLocking\1\g_maxForceRank\6\duel_fraglimit\10\g_forceBasedTeams\0\g_duelWeaponDisable\1\sv_maxclients\8\g_maxGameClients\0\g_jediVmerc\0\g_forceRegenTime\200\g_forcePowerDisable\0\g_weaponDisable\0\g_siegeRespawn\20\g_siegeTeam1\none\g_siegeTeam2\none\version\JAmp: v1.0.1.0 win-x86 Oct 24 2003\g_maxHolocronCarry\3\g_gametype\0\g_needpass\0\protocol\26\mapname\mp/ffa3\sv_privateClients\0\sv_allowDownload\0\g_debugMelee\0\g_stepSlideFix\1\g_noSpecMove\0\gamename\basejka\g_allowNPC\1\g_saberWallDamageScale\0.4\bg_fighterAltControl\0\g_showDuelHealths\0
  0:00 ClientConnect: 0
  0:00 ClientBegin: 0
  0:30 setteam:  0 SPECTATOR FREE
  0:30 ClientBegin: 0
  0:54 Item: 0 item_force_boon
  1:10 Item: 0 weapon_repeater
  1:11 Item: 0 ammo_metallic_bolts
  1:17 Item: 0 item_force_enlighten_light
  1:29 ShutdownGame:
  1:29 ------------------------------------------------------------
