c:\myprojects\basedrp\ojpenhanced\uix86.bsc
c:\myprojects\basedrp\source\debug\ui\vc143.pdb
c:\myprojects\basedrp\source\debug\ui\vc143.idb
c:\myprojects\basedrp\source\debug\ui\bg_misc.sbr
c:\myprojects\basedrp\source\debug\ui\bg_saga.sbr
c:\myprojects\basedrp\source\debug\ui\bg_vehicleload.sbr
c:\myprojects\basedrp\source\debug\ui\bg_weapons.sbr
c:\myprojects\basedrp\source\debug\ui\q_math.sbr
c:\myprojects\basedrp\source\debug\ui\q_shared.sbr
c:\myprojects\basedrp\source\debug\ui\ui_atoms.sbr
c:\myprojects\basedrp\source\debug\ui\ui_force.sbr
c:\myprojects\basedrp\source\debug\ui\ui_gameinfo.sbr
c:\myprojects\basedrp\source\debug\ui\ui_main.sbr
c:\myprojects\basedrp\source\debug\ui\ui_saber.sbr
c:\myprojects\basedrp\source\debug\ui\ui_shared.sbr
c:\myprojects\basedrp\source\debug\ui\ui_syscalls.sbr
c:\myprojects\basedrp\source\debug\ui\ui_syscalls.obj
c:\myprojects\basedrp\source\debug\ui\ui_shared.obj
c:\myprojects\basedrp\source\debug\ui\ui_saber.obj
c:\myprojects\basedrp\source\debug\ui\ui_main.obj
c:\myprojects\basedrp\source\debug\ui\ui_gameinfo.obj
c:\myprojects\basedrp\source\debug\ui\ui_force.obj
c:\myprojects\basedrp\source\debug\ui\ui_atoms.obj
c:\myprojects\basedrp\source\debug\ui\q_shared.obj
c:\myprojects\basedrp\source\debug\ui\q_math.obj
c:\myprojects\basedrp\source\debug\ui\bg_weapons.obj
c:\myprojects\basedrp\source\debug\ui\bg_vehicleload.obj
c:\myprojects\basedrp\source\debug\ui\bg_saga.obj
c:\myprojects\basedrp\source\debug\ui\bg_misc.obj
c:\myprojects\basedrp\source\debug\ui\uix86.ilk
c:\myprojects\basedrp\ojpenhanced\uix86.dll
c:\myprojects\basedrp\source\debug\uix86.map
c:\myprojects\basedrp\source\debug\uix86.pdb
c:\myprojects\basedrp\source\debug\uix86.lib
c:\myprojects\basedrp\source\debug\uix86.exp
c:\myprojects\basedrp\source\debug\ui\ui.tlog\bscmake.command.1.tlog
c:\myprojects\basedrp\source\debug\ui\ui.tlog\bscmake.read.1.tlog
c:\myprojects\basedrp\source\debug\ui\ui.tlog\bscmake.write.1.tlog
c:\myprojects\basedrp\source\debug\ui\ui.tlog\cl.command.1.tlog
c:\myprojects\basedrp\source\debug\ui\ui.tlog\cl.items.tlog
c:\myprojects\basedrp\source\debug\ui\ui.tlog\cl.read.1.tlog
c:\myprojects\basedrp\source\debug\ui\ui.tlog\cl.write.1.tlog
c:\myprojects\basedrp\source\debug\ui\ui.tlog\link.command.1.tlog
c:\myprojects\basedrp\source\debug\ui\ui.tlog\link.read.1.tlog
c:\myprojects\basedrp\source\debug\ui\ui.tlog\link.write.1.tlog
c:\myprojects\basedrp\source\debug\ui\ui.tlog\link.write.2u.tlog
