  ai_aotc.c
  ai_hybrid.c
  ai_main.c
D:\Star Wars JA\ZZZ Razrabotka\BasedRP\source\game\ai_main.c(2650,8): warning C4189: closestDist: локальная переменная инициализирована, но не использована
D:\Star Wars JA\ZZZ Razrabotka\BasedRP\source\game\ai_main.c(2649,7): warning C4189: closestEnemyNum: локальная переменная инициализирована, но не использована
D:\Star Wars JA\ZZZ Razrabotka\BasedRP\source\game\ai_main.c(2642,12): warning C4101: EnemyOrigin: неиспользованная локальная переменная
D:\Star Wars JA\ZZZ Razrabotka\BasedRP\source\game\ai_main.c(7131,9): warning C4101: fwd: неиспользованная локальная переменная
  ai_tab.c
D:\Star Wars JA\ZZZ Razrabotka\BasedRP\source\game\ai_tab.c(2106,11): warning C4456: объявление "ang" скрывает предыдущее локальное объявление
      D:\Star Wars JA\ZZZ Razrabotka\BasedRP\source\game\ai_tab.c(2052,9):
       см. объявление "ang"
  
D:\Star Wars JA\ZZZ Razrabotka\BasedRP\source\game\ai_tab.c(4067,9): warning C4101: fwd: неиспользованная локальная переменная
  ai_util.c
D:\Star Wars JA\ZZZ Razrabotka\BasedRP\source\game\ai_util.c(957,8): warning C4456: объявление "skillLevel" скрывает предыдущее локальное объявление
      D:\Star Wars JA\ZZZ Razrabotka\BasedRP\source\game\ai_util.c(801,6):
       см. объявление "skillLevel"
  
D:\Star Wars JA\ZZZ Razrabotka\BasedRP\source\game\ai_util.c(1112,8): warning C4456: объявление "skillLevel" скрывает предыдущее локальное объявление
      D:\Star Wars JA\ZZZ Razrabotka\BasedRP\source\game\ai_util.c(801,6):
       см. объявление "skillLevel"
  
D:\Star Wars JA\ZZZ Razrabotka\BasedRP\source\game\ai_util.c(1245,8): warning C4456: объявление "skillLevel" скрывает предыдущее локальное объявление
      D:\Star Wars JA\ZZZ Razrabotka\BasedRP\source\game\ai_util.c(801,6):
       см. объявление "skillLevel"
  
D:\Star Wars JA\ZZZ Razrabotka\BasedRP\source\game\ai_util.c(1431,8): warning C4456: объявление "skillLevel" скрывает предыдущее локальное объявление
      D:\Star Wars JA\ZZZ Razrabotka\BasedRP\source\game\ai_util.c(801,6):
       см. объявление "skillLevel"
  
D:\Star Wars JA\ZZZ Razrabotka\BasedRP\source\game\ai_util.c(1578,8): warning C4456: объявление "skillLevel" скрывает предыдущее локальное объявление
      D:\Star Wars JA\ZZZ Razrabotka\BasedRP\source\game\ai_util.c(801,6):
       см. объявление "skillLevel"
  
  ai_wpnav.c
  AnimalNPC.c
  aotctc_holocron.c
D:\Star Wars JA\ZZZ Razrabotka\BasedRP\source\game\aotctc_holocron.c(235,8): warning C4456: объявление "lineout" скрывает предыдущее локальное объявление
      D:\Star Wars JA\ZZZ Razrabotka\BasedRP\source\game\aotctc_holocron.c(206,9):
       см. объявление "lineout"
  
  bg_g2_utils.c
  bg_misc.c
  bg_panimate.c
  bg_pmove.c
D:\Star Wars JA\ZZZ Razrabotka\BasedRP\source\game\bg_pmove.c(2806,12): warning C4456: объявление "allowFlips" скрывает предыдущее локальное объявление
      D:\Star Wars JA\ZZZ Razrabotka\BasedRP\source\game\bg_pmove.c(2417,11):
       см. объявление "allowFlips"
  
D:\Star Wars JA\ZZZ Razrabotka\BasedRP\source\game\bg_pmove.c(9296,7): warning C4456: объявление "weap" скрывает предыдущее локальное объявление
      D:\Star Wars JA\ZZZ Razrabotka\BasedRP\source\game\bg_pmove.c(9253,6):
       см. объявление "weap"
  
D:\Star Wars JA\ZZZ Razrabotka\BasedRP\source\game\bg_pmove.c(11853,38): warning C4459: объявление "pm" скрывает глобальное объявление
      D:\Star Wars JA\ZZZ Razrabotka\BasedRP\source\game\bg_pmove.c(30,11):
       см. объявление "pm"
  
D:\Star Wars JA\ZZZ Razrabotka\BasedRP\source\game\bg_pmove.c(13664,10): warning C4456: объявление "dif" скрывает предыдущее локальное объявление
      D:\Star Wars JA\ZZZ Razrabotka\BasedRP\source\game\bg_pmove.c(13382,16):
       см. объявление "dif"
  
D:\Star Wars JA\ZZZ Razrabotka\BasedRP\source\game\bg_pmove.c(13859,8): warning C4456: объявление "aLen" скрывает предыдущее локальное объявление
      D:\Star Wars JA\ZZZ Razrabotka\BasedRP\source\game\bg_pmove.c(13821,7):
       см. объявление "aLen"
  
  bg_saber.c
D:\Star Wars JA\ZZZ Razrabotka\BasedRP\source\game\bg_saber.c(1400,7): warning C4457: объявление "strength" скрывает параметр функции
      D:\Star Wars JA\ZZZ Razrabotka\BasedRP\source\game\bg_saber.c(1292,70):
       см. объявление "strength"
  
  bg_saberLoad.c
D:\Star Wars JA\ZZZ Razrabotka\BasedRP\source\game\bg_saberLoad.c(471,7): warning C4456: объявление "styleNum" скрывает предыдущее локальное объявление
      D:\Star Wars JA\ZZZ Razrabotka\BasedRP\source\game\bg_saberLoad.c(384,23):
       см. объявление "styleNum"
  
  bg_saga.c
D:\Star Wars JA\ZZZ Razrabotka\BasedRP\source\game\bg_saga.c(1293,20): warning C4456: объявление "i" скрывает предыдущее локальное объявление
      D:\Star Wars JA\ZZZ Razrabotka\BasedRP\source\game\bg_saga.c(1028,6):
       см. объявление "i"
  
  bg_slidemove.c
  bg_vehicleLoad.c
  bg_weapons.c
  FighterNPC.c
D:\Star Wars JA\ZZZ Razrabotka\BasedRP\source\game\FighterNPC.c(1032,14): warning C4457: объявление "parent" скрывает параметр функции
      D:\Star Wars JA\ZZZ Razrabotka\BasedRP\source\game\FighterNPC.c(937,64):
       см. объявление "parent"
  
  g_active.c
D:\Star Wars JA\ZZZ Razrabotka\BasedRP\source\game\g_active.c(520,46): warning C4459: объявление "pm" скрывает глобальное объявление
      D:\Star Wars JA\ZZZ Razrabotka\BasedRP\source\game\bg_public.h(665,18):
       см. объявление "pm"
  
D:\Star Wars JA\ZZZ Razrabotka\BasedRP\source\game\g_active.c(721,10): warning C4459: объявление "pm" скрывает глобальное объявление
      D:\Star Wars JA\ZZZ Razrabotka\BasedRP\source\game\bg_public.h(665,18):
       см. объявление "pm"
  
D:\Star Wars JA\ZZZ Razrabotka\BasedRP\source\game\g_active.c(2616,11): warning C4459: объявление "pm" скрывает глобальное объявление
      D:\Star Wars JA\ZZZ Razrabotka\BasedRP\source\game\bg_public.h(665,18):
       см. объявление "pm"
  
D:\Star Wars JA\ZZZ Razrabotka\BasedRP\source\game\g_active.c(3499,9): warning C4456: объявление "playerDuelShield" скрывает предыдущее локальное объявление
      D:\Star Wars JA\ZZZ Razrabotka\BasedRP\source\game\g_active.c(3351,8):
       см. объявление "playerDuelShield"
  
  Создание кода...
D:\Star Wars JA\ZZZ Razrabotka\BasedRP\source\game\bg_pmove.c(9318): warning C4706: назначение в пределах условного выражения
  Компиляция...
  g_arenas.c
  g_autosave.c
  g_bot.c
  g_breakable.c
  g_camera.c
  g_client.c
D:\Star Wars JA\ZZZ Razrabotka\BasedRP\source\game\g_client.c(4217,10): warning C4456: объявление "i" скрывает предыдущее локальное объявление
      D:\Star Wars JA\ZZZ Razrabotka\BasedRP\source\game\g_client.c(3503,10):
       см. объявление "i"
  
D:\Star Wars JA\ZZZ Razrabotka\BasedRP\source\game\g_client.c(4535,8): warning C4456: объявление "i" скрывает предыдущее локальное объявление
      D:\Star Wars JA\ZZZ Razrabotka\BasedRP\source\game\g_client.c(3503,10):
       см. объявление "i"
  
D:\Star Wars JA\ZZZ Razrabotka\BasedRP\source\game\g_client.c(5680,20): warning C4131: "Clear_DB": используется оператор объявления старого стиля.
  g_cmds.c
D:\Star Wars JA\ZZZ Razrabotka\BasedRP\source\game\g_cmds.c(134,26): warning C4131: "roll_dice": используется оператор объявления старого стиля.
D:\Star Wars JA\ZZZ Razrabotka\BasedRP\source\game\g_cmds.c(439,36): warning C4090: функция: разные квалификаторы "const"
D:\Star Wars JA\ZZZ Razrabotka\BasedRP\source\game\g_cmds.c(443,48): warning C4090: функция: разные квалификаторы "const"
D:\Star Wars JA\ZZZ Razrabotka\BasedRP\source\game\g_cmds.c(2787,51): warning C4020: ClientNumberFromString: слишком много фактических параметров
D:\Star Wars JA\ZZZ Razrabotka\BasedRP\source\game\g_cmds.c(2802,7): warning C4101: otherindex: неиспользованная локальная переменная
D:\Star Wars JA\ZZZ Razrabotka\BasedRP\source\game\g_cmds.c(2942,91): warning C4090: функция: разные квалификаторы "const"
D:\Star Wars JA\ZZZ Razrabotka\BasedRP\source\game\g_cmds.c(2880,6): warning C4189: broadcast_distance: локальная переменная инициализирована, но не использована
D:\Star Wars JA\ZZZ Razrabotka\BasedRP\source\game\g_cmds.c(2876,6): warning C4189: max_voice_distance: локальная переменная инициализирована, но не использована
D:\Star Wars JA\ZZZ Razrabotka\BasedRP\source\game\g_cmds.c(3085,47): warning C4020: ClientNumberFromString: слишком много фактических параметров
D:\Star Wars JA\ZZZ Razrabotka\BasedRP\source\game\g_cmds.c(5053,3): warning C4013: Cmd_SetModelScale_f: нет определения; предполагается "extern" с возвратом типа "int"
D:\Star Wars JA\ZZZ Razrabotka\BasedRP\source\game\g_cmds.c(5074,19): warning C4020: Cmd_Say_f: слишком много фактических параметров
D:\Star Wars JA\ZZZ Razrabotka\BasedRP\source\game\g_cmds.c(5081,20): warning C4020: Cmd_Say_f: слишком много фактических параметров
D:\Star Wars JA\ZZZ Razrabotka\BasedRP\source\game\g_cmds.c(5085,20): warning C4020: Cmd_Say_f: слишком много фактических параметров
D:\Star Wars JA\ZZZ Razrabotka\BasedRP\source\game\g_cmds.c(5222,20): warning C4020: Cmd_Say_f: слишком много фактических параметров
  g_combat.c
D:\Star Wars JA\ZZZ Razrabotka\BasedRP\source\game\g_combat.c(2719,7): warning C4456: объявление "i" скрывает предыдущее локальное объявление
      D:\Star Wars JA\ZZZ Razrabotka\BasedRP\source\game\g_combat.c(2610,8):
       см. объявление "i"
  
D:\Star Wars JA\ZZZ Razrabotka\BasedRP\source\game\g_combat.c(3505,14): warning C4459: объявление "client" скрывает глобальное объявление
      D:\Star Wars JA\ZZZ Razrabotka\BasedRP\source\game\b_local.h(65,19):
       см. объявление "client"
  
D:\Star Wars JA\ZZZ Razrabotka\BasedRP\source\game\g_combat.c(3575,14): warning C4456: объявление "i" скрывает предыдущее локальное объявление
      D:\Star Wars JA\ZZZ Razrabotka\BasedRP\source\game\g_combat.c(2610,8):
       см. объявление "i"
  
D:\Star Wars JA\ZZZ Razrabotka\BasedRP\source\game\g_combat.c(3722,8): warning C4456: объявление "i" скрывает предыдущее локальное объявление
      D:\Star Wars JA\ZZZ Razrabotka\BasedRP\source\game\g_combat.c(2610,8):
       см. объявление "i"
  
D:\Star Wars JA\ZZZ Razrabotka\BasedRP\source\game\g_combat.c(3763,13): warning C4459: объявление "client" скрывает глобальное объявление
      D:\Star Wars JA\ZZZ Razrabotka\BasedRP\source\game\b_local.h(65,19):
       см. объявление "client"
  
D:\Star Wars JA\ZZZ Razrabotka\BasedRP\source\game\g_combat.c(5689,13): warning C4459: объявление "client" скрывает глобальное объявление
      D:\Star Wars JA\ZZZ Razrabotka\BasedRP\source\game\b_local.h(65,19):
       см. объявление "client"
  
D:\Star Wars JA\ZZZ Razrabotka\BasedRP\source\game\g_combat.c(5792,7): warning C4013: WP_AbsorbConversion: нет определения; предполагается "extern" с возвратом типа "int"
D:\Star Wars JA\ZZZ Razrabotka\BasedRP\source\game\g_combat.c(5796,7): warning C4013: OJP_BlockFocus: нет определения; предполагается "extern" с возвратом типа "int"
D:\Star Wars JA\ZZZ Razrabotka\BasedRP\source\game\g_combat.c(7314,18): warning C4013: ClientNumberFromString: нет определения; предполагается "extern" с возвратом типа "int"
D:\Star Wars JA\ZZZ Razrabotka\BasedRP\source\game\g_combat.c(5697,9): warning C4189: hamt: локальная переменная инициализирована, но не использована
D:\Star Wars JA\ZZZ Razrabotka\BasedRP\source\game\g_combat.c(5694,8): warning C4101: max: неиспользованная локальная переменная
D:\Star Wars JA\ZZZ Razrabotka\BasedRP\source\game\g_combat.c(5696,9): warning C4189: famt: локальная переменная инициализирована, но не использована
D:\Star Wars JA\ZZZ Razrabotka\BasedRP\source\game\g_combat.c(5695,8): warning C4189: subamt: локальная переменная инициализирована, но не использована
  g_crash.c
D:\Star Wars JA\ZZZ Razrabotka\BasedRP\source\game\g_crash.c(281,48): warning C4113: "BOOL (__stdcall *)(LPSTR,DWORD,PVOID)" отличается в списках параметров от "PSYM_ENUMMODULES_CALLBACK"
  g_db.c
D:\Star Wars JA\ZZZ Razrabotka\BasedRP\source\game\g_db.c(141,7): warning C4013: HasAdminRights: нет определения; предполагается "extern" с возвратом типа "int"
D:\Star Wars JA\ZZZ Razrabotka\BasedRP\source\game\g_db.c(293,15): warning C4459: объявление "level" скрывает глобальное объявление
      D:\Star Wars JA\ZZZ Razrabotka\BasedRP\source\game\g_local.h(1917,23):
       см. объявление "level"
  
  g_dynmusic.c
  g_exphysics.c
  g_ICARUScb.c
D:\Star Wars JA\ZZZ Razrabotka\BasedRP\source\game\g_ICARUScb.c(365,24): warning C4459: объявление "level" скрывает глобальное объявление
      D:\Star Wars JA\ZZZ Razrabotka\BasedRP\source\game\g_local.h(1917,23):
       см. объявление "level"
  
D:\Star Wars JA\ZZZ Razrabotka\BasedRP\source\game\g_ICARUScb.c(8733,24): warning C4456: объявление "var" скрывает предыдущее локальное объявление
      D:\Star Wars JA\ZZZ Razrabotka\BasedRP\source\game\g_ICARUScb.c(8723,22):
       см. объявление "var"
  
  g_items.c
D:\Star Wars JA\ZZZ Razrabotka\BasedRP\source\game\g_items.c(1615,11): warning C4189: saberBlocked: локальная переменная инициализирована, но не использована
D:\Star Wars JA\ZZZ Razrabotka\BasedRP\source\game\g_items.c(4171,6): warning C4101: shots: неиспользованная локальная переменная
D:\Star Wars JA\ZZZ Razrabotka\BasedRP\source\game\g_items.c(4169,10): warning C4101: angs: неиспользованная локальная переменная
D:\Star Wars JA\ZZZ Razrabotka\BasedRP\source\game\g_items.c(4170,6): warning C4101: i: неиспользованная локальная переменная
  g_log.c
  g_main.c
D:\Star Wars JA\ZZZ Razrabotka\BasedRP\source\game\g_main.c(1270,2): warning C4013: db_init: нет определения; предполагается "extern" с возвратом типа "int"
D:\Star Wars JA\ZZZ Razrabotka\BasedRP\source\game\g_main.c(1495,7): warning C4456: объявление "i" скрывает предыдущее локальное объявление
      D:\Star Wars JA\ZZZ Razrabotka\BasedRP\source\game\g_main.c(1262,10):
       см. объявление "i"
  
D:\Star Wars JA\ZZZ Razrabotka\BasedRP\source\game\g_main.c(1524,7): warning C4456: объявление "i" скрывает предыдущее локальное объявление
      D:\Star Wars JA\ZZZ Razrabotka\BasedRP\source\game\g_main.c(1262,10):
       см. объявление "i"
  
D:\Star Wars JA\ZZZ Razrabotka\BasedRP\source\game\g_main.c(1557,7): warning C4456: объявление "i" скрывает предыдущее локальное объявление
      D:\Star Wars JA\ZZZ Razrabotka\BasedRP\source\game\g_main.c(1262,10):
       см. объявление "i"
  
D:\Star Wars JA\ZZZ Razrabotka\BasedRP\source\game\g_main.c(1684,28): warning C4459: объявление "level" скрывает глобальное объявление
      D:\Star Wars JA\ZZZ Razrabotka\BasedRP\source\game\g_main.c(22,16):
       см. объявление "level"
  
D:\Star Wars JA\ZZZ Razrabotka\BasedRP\source\game\g_main.c(3230,7): warning C4456: объявление "i" скрывает предыдущее локальное объявление
      D:\Star Wars JA\ZZZ Razrabotka\BasedRP\source\game\g_main.c(3212,9):
       см. объявление "i"
  
D:\Star Wars JA\ZZZ Razrabotka\BasedRP\source\game\g_main.c(4381,7): warning C4456: объявление "i" скрывает предыдущее локальное объявление
      D:\Star Wars JA\ZZZ Razrabotka\BasedRP\source\game\g_main.c(4354,8):
       см. объявление "i"
  
D:\Star Wars JA\ZZZ Razrabotka\BasedRP\source\game\g_main.c(4406,7): warning C4456: объявление "i" скрывает предыдущее локальное объявление
      D:\Star Wars JA\ZZZ Razrabotka\BasedRP\source\game\g_main.c(4354,8):
       см. объявление "i"
  
  g_mem.c
  g_misc.c
D:\Star Wars JA\ZZZ Razrabotka\BasedRP\source\game\g_misc.c(4940,14): warning C4456: объявление "player" скрывает предыдущее локальное объявление
      D:\Star Wars JA\ZZZ Razrabotka\BasedRP\source\game\g_misc.c(4858,13):
       см. объявление "player"
  
D:\Star Wars JA\ZZZ Razrabotka\BasedRP\source\game\g_misc.c(4941,7): warning C4456: объявление "i" скрывает предыдущее локальное объявление
      D:\Star Wars JA\ZZZ Razrabotka\BasedRP\source\game\g_misc.c(4857,6):
       см. объявление "i"
  
  g_missile.c
  g_mover.c
  Создание кода...
  Компиляция...
  g_nav.c
D:\Star Wars JA\ZZZ Razrabotka\BasedRP\source\game\g_nav.c(1148,11): warning C4456: объявление "origin" скрывает предыдущее локальное объявление
      D:\Star Wars JA\ZZZ Razrabotka\BasedRP\source\game\g_nav.c(1116,9):
       см. объявление "origin"
  
  g_navnew.c
  g_object.c
  g_roff.c
  g_saberbeh.c
  g_saga.c
D:\Star Wars JA\ZZZ Razrabotka\BasedRP\source\game\g_saga.c(1517,14): warning C4456: объявление "carrier" скрывает предыдущее локальное объявление
      D:\Star Wars JA\ZZZ Razrabotka\BasedRP\source\game\g_saga.c(1474,13):
       см. объявление "carrier"
  
  g_session.c
  g_spawn.c
  g_strap.c
  g_svcmds.c
  g_syscalls.c
  g_target.c
  g_team.c
  g_timer.c
  g_trigger.c
  g_turret.c
  g_turret_G2.c
  g_utils.c
D:\Star Wars JA\ZZZ Razrabotka\BasedRP\source\game\g_utils.c(1739,153): warning C4020: trap_Trace: слишком много фактических параметров
  g_vehicles.c
D:\Star Wars JA\ZZZ Razrabotka\BasedRP\source\game\g_vehicles.c(1708,7): warning C4456: объявление "i" скрывает предыдущее локальное объявление
      D:\Star Wars JA\ZZZ Razrabotka\BasedRP\source\game\g_vehicles.c(1648,6):
       см. объявление "i"
  
D:\Star Wars JA\ZZZ Razrabotka\BasedRP\source\game\g_vehicles.c(3114,7): warning C4457: объявление "deathPoint" скрывает параметр функции
      D:\Star Wars JA\ZZZ Razrabotka\BasedRP\source\game\g_vehicles.c(3106,69):
       см. объявление "deathPoint"
  
  g_vehicleTurret.c
  Создание кода...
  Компиляция...
  g_weapon.c
D:\Star Wars JA\ZZZ Razrabotka\BasedRP\source\game\g_weapon.c(1621,10): warning C4459: объявление "muzzle2" скрывает глобальное объявление
      D:\Star Wars JA\ZZZ Razrabotka\BasedRP\source\game\g_weapon.c(15,17):
       см. объявление "muzzle2"
  
D:\Star Wars JA\ZZZ Razrabotka\BasedRP\source\game\g_weapon.c(2197,10): warning C4459: объявление "muzzle2" скрывает глобальное объявление
      D:\Star Wars JA\ZZZ Razrabotka\BasedRP\source\game\g_weapon.c(15,17):
       см. объявление "muzzle2"
  
D:\Star Wars JA\ZZZ Razrabotka\BasedRP\source\game\g_weapon.c(2673,10): warning C4459: объявление "muzzle2" скрывает глобальное объявление
      D:\Star Wars JA\ZZZ Razrabotka\BasedRP\source\game\g_weapon.c(15,17):
       см. объявление "muzzle2"
  
D:\Star Wars JA\ZZZ Razrabotka\BasedRP\source\game\g_weapon.c(4601,10): warning C4459: объявление "forward" скрывает глобальное объявление
      D:\Star Wars JA\ZZZ Razrabotka\BasedRP\source\game\g_weapon.c(13,15):
       см. объявление "forward"
  
D:\Star Wars JA\ZZZ Razrabotka\BasedRP\source\game\g_weapon.c(5276,4): warning C4459: объявление "up" скрывает глобальное объявление
      D:\Star Wars JA\ZZZ Razrabotka\BasedRP\source\game\g_weapon.c(13,32):
       см. объявление "up"
  
D:\Star Wars JA\ZZZ Razrabotka\BasedRP\source\game\g_weapon.c(5854,6): warning C4189: dif: локальная переменная инициализирована, но не использована
D:\Star Wars JA\ZZZ Razrabotka\BasedRP\source\game\g_weapon.c(5855,8): warning C4101: rTime: неиспользованная локальная переменная
D:\Star Wars JA\ZZZ Razrabotka\BasedRP\source\game\g_weapon.c(9278,10): warning C4459: объявление "muzzle2" скрывает глобальное объявление
      D:\Star Wars JA\ZZZ Razrabotka\BasedRP\source\game\g_weapon.c(15,17):
       см. объявление "muzzle2"
  
D:\Star Wars JA\ZZZ Razrabotka\BasedRP\source\game\g_weapon.c(10558,8): warning C4189: boxSize: локальная переменная инициализирована, но не использована
D:\Star Wars JA\ZZZ Razrabotka\BasedRP\source\game\g_weapon.c(10554,6): warning C4101: count: неиспользованная локальная переменная
D:\Star Wars JA\ZZZ Razrabotka\BasedRP\source\game\g_weapon.c(11026,10): warning C4459: объявление "forward" скрывает глобальное объявление
      D:\Star Wars JA\ZZZ Razrabotka\BasedRP\source\game\g_weapon.c(13,15):
       см. объявление "forward"
  
D:\Star Wars JA\ZZZ Razrabotka\BasedRP\source\game\g_weapon.c(11026,26): warning C4459: объявление "up" скрывает глобальное объявление
      D:\Star Wars JA\ZZZ Razrabotka\BasedRP\source\game\g_weapon.c(13,32):
       см. объявление "up"
  
D:\Star Wars JA\ZZZ Razrabotka\BasedRP\source\game\g_weapon.c(11145,47): warning C4459: объявление "forward" скрывает глобальное объявление
      D:\Star Wars JA\ZZZ Razrabotka\BasedRP\source\game\g_weapon.c(13,15):
       см. объявление "forward"
  
D:\Star Wars JA\ZZZ Razrabotka\BasedRP\source\game\g_weapon.c(11145,77): warning C4459: объявление "up" скрывает глобальное объявление
      D:\Star Wars JA\ZZZ Razrabotka\BasedRP\source\game\g_weapon.c(13,32):
       см. объявление "up"
  
D:\Star Wars JA\ZZZ Razrabotka\BasedRP\source\game\g_weapon.c(11169,48): warning C4459: объявление "forward" скрывает глобальное объявление
      D:\Star Wars JA\ZZZ Razrabotka\BasedRP\source\game\g_weapon.c(13,15):
       см. объявление "forward"
  
D:\Star Wars JA\ZZZ Razrabotka\BasedRP\source\game\g_weapon.c(11169,78): warning C4459: объявление "up" скрывает глобальное объявление
      D:\Star Wars JA\ZZZ Razrabotka\BasedRP\source\game\g_weapon.c(13,32):
       см. объявление "up"
  
D:\Star Wars JA\ZZZ Razrabotka\BasedRP\source\game\g_weapon.c(11200,68): warning C4459: объявление "forward" скрывает глобальное объявление
      D:\Star Wars JA\ZZZ Razrabotka\BasedRP\source\game\g_weapon.c(13,15):
       см. объявление "forward"
  
D:\Star Wars JA\ZZZ Razrabotka\BasedRP\source\game\g_weapon.c(11200,98): warning C4459: объявление "up" скрывает глобальное объявление
      D:\Star Wars JA\ZZZ Razrabotka\BasedRP\source\game\g_weapon.c(13,32):
       см. объявление "up"
  
  NPC.c
  NPC_AI_AssassinDroid.c
  NPC_AI_Atst.c
  NPC_AI_Civilian.c
  NPC_AI_Default.c
D:\Star Wars JA\ZZZ Razrabotka\BasedRP\source\game\NPC_AI_Default.c(87,45): warning C4459: объявление "NPC" скрывает глобальное объявление
      D:\Star Wars JA\ZZZ Razrabotka\BasedRP\source\game\b_local.h(63,19):
       см. объявление "NPC"
  
  NPC_AI_Droid.c
  NPC_AI_GalakMech.c
  NPC_AI_Grenadier.c
  NPC_AI_Howler.c
D:\Star Wars JA\ZZZ Razrabotka\BasedRP\source\game\NPC_AI_Howler.c(475,11): warning C4456: объявление "fwd" скрывает предыдущее локальное объявление
      D:\Star Wars JA\ZZZ Razrabotka\BasedRP\source\game\NPC_AI_Howler.c(457,9):
       см. объявление "fwd"
  
  NPC_AI_ImperialProbe.c
  NPC_AI_Interrogator.c
  NPC_AI_Jedi.c
D:\Star Wars JA\ZZZ Razrabotka\BasedRP\source\game\NPC_AI_Jedi.c(3459,11): warning C4456: объявление "fwdAngles" скрывает предыдущее локальное объявление
      D:\Star Wars JA\ZZZ Razrabotka\BasedRP\source\game\NPC_AI_Jedi.c(3379,43):
       см. объявление "fwdAngles"
  
D:\Star Wars JA\ZZZ Razrabotka\BasedRP\source\game\NPC_AI_Jedi.c(3515,13): warning C4456: объявление "parts" скрывает предыдущее локальное объявление
      D:\Star Wars JA\ZZZ Razrabotka\BasedRP\source\game\NPC_AI_Jedi.c(3381,7):
       см. объявление "parts"
  
D:\Star Wars JA\ZZZ Razrabotka\BasedRP\source\game\NPC_AI_Jedi.c(3603,11): warning C4456: объявление "parts" скрывает предыдущее локальное объявление
      D:\Star Wars JA\ZZZ Razrabotka\BasedRP\source\game\NPC_AI_Jedi.c(3381,7):
       см. объявление "parts"
  
  NPC_AI_Mark1.c
  NPC_AI_Mark2.c
  NPC_AI_MineMonster.c
  NPC_AI_Rancor.c
  NPC_AI_Remote.c
  NPC_AI_RocketTrooper.c
  NPC_AI_SaberDroid.c
  Создание кода...
D:\Star Wars JA\ZZZ Razrabotka\BasedRP\source\game\g_weapon.c(400): warning C4703: используется потенциально неинициализированная локальная переменная-указатель "missile2"
D:\Star Wars JA\ZZZ Razrabotka\BasedRP\source\game\g_weapon.c(576): warning C4703: используется потенциально неинициализированная локальная переменная-указатель "missile2"
D:\Star Wars JA\ZZZ Razrabotka\BasedRP\source\game\g_weapon.c(10114): warning C4703: используется потенциально неинициализированная локальная переменная-указатель "missile2"
D:\Star Wars JA\ZZZ Razrabotka\BasedRP\source\game\g_weapon.c(10291): warning C4703: используется потенциально неинициализированная локальная переменная-указатель "missile2"
D:\Star Wars JA\ZZZ Razrabotka\BasedRP\source\game\g_weapon.c(10578): warning C4703: используется потенциально неинициализированная локальная переменная-указатель "missile2"
  Компиляция...
  NPC_AI_Sand_creature.c
  NPC_AI_Seeker.c
  NPC_AI_Sentry.c
  NPC_AI_Sniper.c
  NPC_AI_Stormtrooper.c
D:\Star Wars JA\ZZZ Razrabotka\BasedRP\source\game\NPC_AI_Stormtrooper.c(2392,10): warning C4456: объявление "i" скрывает предыдущее локальное объявление
      D:\Star Wars JA\ZZZ Razrabotka\BasedRP\source\game\NPC_AI_Stormtrooper.c(2127,8):
       см. объявление "i"
  
  NPC_AI_Utils.c
  NPC_AI_Wampa.c
  NPC_behavior.c
  NPC_combat.c
  NPC_goal.c
  NPC_misc.c
  NPC_move.c
  NPC_reactions.c
  NPC_senses.c
  NPC_sounds.c
  NPC_spawn.c
D:\Star Wars JA\ZZZ Razrabotka\BasedRP\source\game\NPC_spawn.c(97,34): warning C4459: объявление "client" скрывает глобальное объявление
      D:\Star Wars JA\ZZZ Razrabotka\BasedRP\source\game\b_local.h(65,19):
       см. объявление "client"
  
D:\Star Wars JA\ZZZ Razrabotka\BasedRP\source\game\NPC_spawn.c(319,6): warning C4101: i: неиспользованная локальная переменная
D:\Star Wars JA\ZZZ Razrabotka\BasedRP\source\game\NPC_spawn.c(1534,13): warning C4459: объявление "client" скрывает глобальное объявление
      D:\Star Wars JA\ZZZ Razrabotka\BasedRP\source\game\b_local.h(65,19):
       см. объявление "client"
  
D:\Star Wars JA\ZZZ Razrabotka\BasedRP\source\game\NPC_spawn.c(1535,12): warning C4459: объявление "ucmd" скрывает глобальное объявление
      D:\Star Wars JA\ZZZ Razrabotka\BasedRP\source\game\b_local.h(66,18):
       см. объявление "ucmd"
  
D:\Star Wars JA\ZZZ Razrabotka\BasedRP\source\game\NPC_spawn.c(5366,14): warning C4457: объявление "ent" скрывает параметр функции
      D:\Star Wars JA\ZZZ Razrabotka\BasedRP\source\game\NPC_spawn.c(5336,28):
       см. объявление "ent"
  
  NPC_stats.c
D:\Star Wars JA\ZZZ Razrabotka\BasedRP\source\game\NPC_stats.c(1049,58): warning C4459: объявление "NPC" скрывает глобальное объявление
      D:\Star Wars JA\ZZZ Razrabotka\BasedRP\source\game\b_local.h(63,19):
       см. объявление "NPC"
  
  NPC_utils.c
D:\Star Wars JA\ZZZ Razrabotka\BasedRP\source\game\NPC_utils.c(195,3): warning C4033: "NPC_UpdateAngles" должен возвращать значение
  NPC_Vehicle.c
  q_math.c
  Создание кода...
D:\Star Wars JA\ZZZ Razrabotka\BasedRP\source\game\NPC_utils.c(524): warning C4715: NPC_UpdateAngles: значение возвращается не при всех путях выполнения
  Компиляция...
  q_shared.c
  SpeederNPC.c
  sqlite3.c
  tri_coll_test.c
D:\Star Wars JA\ZZZ Razrabotka\BasedRP\source\game\tri_coll_test.c(287,3): warning C4456: объявление "c" скрывает предыдущее локальное объявление
      D:\Star Wars JA\ZZZ Razrabotka\BasedRP\source\game\tri_coll_test.c(211,11):
       см. объявление "c"
  
D:\Star Wars JA\ZZZ Razrabotka\BasedRP\source\game\tri_coll_test.c(288,3): warning C4456: объявление "c" скрывает предыдущее локальное объявление
      D:\Star Wars JA\ZZZ Razrabotka\BasedRP\source\game\tri_coll_test.c(211,11):
       см. объявление "c"
  
  w_force.c
D:\Star Wars JA\ZZZ Razrabotka\BasedRP\source\game\w_force.c(4150,6): warning C4456: объявление "dmg" скрывает предыдущее локальное объявление
      D:\Star Wars JA\ZZZ Razrabotka\BasedRP\source\game\w_force.c(4122,6):
       см. объявление "dmg"
  
D:\Star Wars JA\ZZZ Razrabotka\BasedRP\source\game\w_force.c(4154,6): warning C4456: объявление "modPowerLevel" скрывает предыдущее локальное объявление
      D:\Star Wars JA\ZZZ Razrabotka\BasedRP\source\game\w_force.c(4121,6):
       см. объявление "modPowerLevel"
  
D:\Star Wars JA\ZZZ Razrabotka\BasedRP\source\game\w_force.c(4175,47): warning C4133: функция: несовместимые типы - из "gclient_s *" в "gentity_t *"
D:\Star Wars JA\ZZZ Razrabotka\BasedRP\source\game\w_force.c(4120,6): warning C4189: poweradd: локальная переменная инициализирована, но не использована
D:\Star Wars JA\ZZZ Razrabotka\BasedRP\source\game\w_force.c(4123,13): warning C4189: te: локальная переменная инициализирована, но не использована
D:\Star Wars JA\ZZZ Razrabotka\BasedRP\source\game\w_force.c(4122,6): warning C4189: dmg: локальная переменная инициализирована, но не использована
D:\Star Wars JA\ZZZ Razrabotka\BasedRP\source\game\w_force.c(4121,6): warning C4189: modPowerLevel: локальная переменная инициализирована, но не использована
D:\Star Wars JA\ZZZ Razrabotka\BasedRP\source\game\w_force.c(4298,9): warning C4101: end: неиспользованная локальная переменная
D:\Star Wars JA\ZZZ Razrabotka\BasedRP\source\game\w_force.c(4313,9): warning C4101: dot: неиспользованная локальная переменная
D:\Star Wars JA\ZZZ Razrabotka\BasedRP\source\game\w_force.c(4297,10): warning C4101: tr: неиспользованная локальная переменная
D:\Star Wars JA\ZZZ Razrabotka\BasedRP\source\game\w_force.c(5162,51): warning C4459: объявление "ucmd" скрывает глобальное объявление
      D:\Star Wars JA\ZZZ Razrabotka\BasedRP\source\game\b_local.h(66,18):
       см. объявление "ucmd"
  
D:\Star Wars JA\ZZZ Razrabotka\BasedRP\source\game\w_force.c(5222,77): warning C4459: объявление "ucmd" скрывает глобальное объявление
      D:\Star Wars JA\ZZZ Razrabotka\BasedRP\source\game\b_local.h(66,18):
       см. объявление "ucmd"
  
D:\Star Wars JA\ZZZ Razrabotka\BasedRP\source\game\w_force.c(5307,45): warning C4459: объявление "ucmd" скрывает глобальное объявление
      D:\Star Wars JA\ZZZ Razrabotka\BasedRP\source\game\b_local.h(66,18):
       см. объявление "ucmd"
  
D:\Star Wars JA\ZZZ Razrabotka\BasedRP\source\game\w_force.c(5659,32): warning C4133: функция: несовместимые типы - из "gclient_s *" в "gentity_t *"
D:\Star Wars JA\ZZZ Razrabotka\BasedRP\source\game\w_force.c(5524,10): warning C4101: tr: неиспользованная локальная переменная
D:\Star Wars JA\ZZZ Razrabotka\BasedRP\source\game\w_force.c(5879,32): warning C4133: функция: несовместимые типы - из "gclient_s *" в "gentity_t *"
D:\Star Wars JA\ZZZ Razrabotka\BasedRP\source\game\w_force.c(5744,10): warning C4101: tr: неиспользованная локальная переменная
D:\Star Wars JA\ZZZ Razrabotka\BasedRP\source\game\w_force.c(6085,32): warning C4133: функция: несовместимые типы - из "gclient_s *" в "gentity_t *"
D:\Star Wars JA\ZZZ Razrabotka\BasedRP\source\game\w_force.c(5936,10): warning C4101: tr: неиспользованная локальная переменная
D:\Star Wars JA\ZZZ Razrabotka\BasedRP\source\game\w_force.c(5934,6): warning C4189: modPowerLevel: локальная переменная инициализирована, но не использована
D:\Star Wars JA\ZZZ Razrabotka\BasedRP\source\game\w_force.c(6297,32): warning C4133: функция: несовместимые типы - из "gclient_s *" в "gentity_t *"
D:\Star Wars JA\ZZZ Razrabotka\BasedRP\source\game\w_force.c(6149,10): warning C4101: tr: неиспользованная локальная переменная
D:\Star Wars JA\ZZZ Razrabotka\BasedRP\source\game\w_force.c(6147,6): warning C4189: modPowerLevel: локальная переменная инициализирована, но не использована
D:\Star Wars JA\ZZZ Razrabotka\BasedRP\source\game\w_force.c(6454,12): warning C4047: >: "gentity_t *" отличается по уровням косвенного обращения от "int"
D:\Star Wars JA\ZZZ Razrabotka\BasedRP\source\game\w_force.c(6454,63): warning C4554: "&": проверьте приоритет операторов на ошибки; для уточнения приоритета используйте скобки
D:\Star Wars JA\ZZZ Razrabotka\BasedRP\source\game\w_force.c(6644,13): warning C4101: aimingAt: неиспользованная локальная переменная
D:\Star Wars JA\ZZZ Razrabotka\BasedRP\source\game\w_force.c(6632,9): warning C4101: dot1: неиспользованная локальная переменная
D:\Star Wars JA\ZZZ Razrabotka\BasedRP\source\game\w_force.c(7656,13): warning C4101: aimingAt: неиспользованная локальная переменная
D:\Star Wars JA\ZZZ Razrabotka\BasedRP\source\game\w_force.c(9572,47): warning C4459: объявление "client" скрывает глобальное объявление
      D:\Star Wars JA\ZZZ Razrabotka\BasedRP\source\game\b_local.h(65,19):
       см. объявление "client"
  
D:\Star Wars JA\ZZZ Razrabotka\BasedRP\source\game\w_force.c(9618,51): warning C4459: объявление "client" скрывает глобальное объявление
      D:\Star Wars JA\ZZZ Razrabotka\BasedRP\source\game\b_local.h(65,19):
       см. объявление "client"
  
D:\Star Wars JA\ZZZ Razrabotka\BasedRP\source\game\w_force.c(10186,53): warning C4459: объявление "ucmd" скрывает глобальное объявление
      D:\Star Wars JA\ZZZ Razrabotka\BasedRP\source\game\b_local.h(66,18):
       см. объявление "ucmd"
  
D:\Star Wars JA\ZZZ Razrabotka\BasedRP\source\game\w_force.c(10519,6): warning C4456: объявление "dmg" скрывает предыдущее локальное объявление
      D:\Star Wars JA\ZZZ Razrabotka\BasedRP\source\game\w_force.c(10504,6):
       см. объявление "dmg"
  
D:\Star Wars JA\ZZZ Razrabotka\BasedRP\source\game\w_force.c(10523,6): warning C4456: объявление "modPowerLevel" скрывает предыдущее локальное объявление
      D:\Star Wars JA\ZZZ Razrabotka\BasedRP\source\game\w_force.c(10506,6):
       см. объявление "modPowerLevel"
  
D:\Star Wars JA\ZZZ Razrabotka\BasedRP\source\game\w_force.c(10544,47): warning C4133: функция: несовместимые типы - из "gclient_s *" в "gentity_t *"
D:\Star Wars JA\ZZZ Razrabotka\BasedRP\source\game\w_force.c(10505,6): warning C4189: poweradd: локальная переменная инициализирована, но не использована
D:\Star Wars JA\ZZZ Razrabotka\BasedRP\source\game\w_force.c(10507,13): warning C4189: te: локальная переменная инициализирована, но не использована
D:\Star Wars JA\ZZZ Razrabotka\BasedRP\source\game\w_force.c(10504,6): warning C4189: dmg: локальная переменная инициализирована, но не использована
D:\Star Wars JA\ZZZ Razrabotka\BasedRP\source\game\w_force.c(10506,6): warning C4189: modPowerLevel: локальная переменная инициализирована, но не использована
D:\Star Wars JA\ZZZ Razrabotka\BasedRP\source\game\w_force.c(10591,9): warning C4101: end: неиспользованная локальная переменная
D:\Star Wars JA\ZZZ Razrabotka\BasedRP\source\game\w_force.c(10614,9): warning C4101: dot: неиспользованная локальная переменная
D:\Star Wars JA\ZZZ Razrabotka\BasedRP\source\game\w_force.c(10590,10): warning C4101: tr: неиспользованная локальная переменная
D:\Star Wars JA\ZZZ Razrabotka\BasedRP\source\game\w_force.c(10712,6): warning C4456: объявление "dmg" скрывает предыдущее локальное объявление
      D:\Star Wars JA\ZZZ Razrabotka\BasedRP\source\game\w_force.c(10697,6):
       см. объявление "dmg"
  
D:\Star Wars JA\ZZZ Razrabotka\BasedRP\source\game\w_force.c(10716,6): warning C4456: объявление "modPowerLevel" скрывает предыдущее локальное объявление
      D:\Star Wars JA\ZZZ Razrabotka\BasedRP\source\game\w_force.c(10699,6):
       см. объявление "modPowerLevel"
  
D:\Star Wars JA\ZZZ Razrabotka\BasedRP\source\game\w_force.c(10737,47): warning C4133: функция: несовместимые типы - из "gclient_s *" в "gentity_t *"
D:\Star Wars JA\ZZZ Razrabotka\BasedRP\source\game\w_force.c(10698,6): warning C4189: poweradd: локальная переменная инициализирована, но не использована
D:\Star Wars JA\ZZZ Razrabotka\BasedRP\source\game\w_force.c(10700,13): warning C4189: te: локальная переменная инициализирована, но не использована
D:\Star Wars JA\ZZZ Razrabotka\BasedRP\source\game\w_force.c(10697,6): warning C4189: dmg: локальная переменная инициализирована, но не использована
D:\Star Wars JA\ZZZ Razrabotka\BasedRP\source\game\w_force.c(10699,6): warning C4189: modPowerLevel: локальная переменная инициализирована, но не использована
D:\Star Wars JA\ZZZ Razrabotka\BasedRP\source\game\w_force.c(11415,56): warning C4459: объявление "ucmd" скрывает глобальное объявление
      D:\Star Wars JA\ZZZ Razrabotka\BasedRP\source\game\b_local.h(66,18):
       см. объявление "ucmd"
  
D:\Star Wars JA\ZZZ Razrabotka\BasedRP\source\game\w_force.c(12279,107): warning C4210: нестандартное расширение: функция видима в пределах файла
D:\Star Wars JA\ZZZ Razrabotka\BasedRP\source\game\w_force.c(12281,6): warning C4013: BG_CrouchAnim: нет определения; предполагается "extern" с возвратом типа "int"
D:\Star Wars JA\ZZZ Razrabotka\BasedRP\source\game\w_force.c(12384,2): warning C4013: Q3_SetInvisible: нет определения; предполагается "extern" с возвратом типа "int"
D:\Star Wars JA\ZZZ Razrabotka\BasedRP\source\game\w_force.c(12386,9): warning C4013: G_IsRidingVehicle: нет определения; предполагается "extern" с возвратом типа "int"
D:\Star Wars JA\ZZZ Razrabotka\BasedRP\source\game\w_force.c(12393,25): warning C4013: NPC_SpawnType: нет определения; предполагается "extern" с возвратом типа "int"
D:\Star Wars JA\ZZZ Razrabotka\BasedRP\source\game\w_force.c(12393,23): warning C4047: =: "gentity_t *" отличается по уровням косвенного обращения от "int"
D:\Star Wars JA\ZZZ Razrabotka\BasedRP\source\game\w_force.c(12399,23): warning C4047: =: "gentity_t *" отличается по уровням косвенного обращения от "int"
  w_saber.c
D:\Star Wars JA\ZZZ Razrabotka\BasedRP\source\game\w_saber.c(2671,6): warning C4189: peakDif: локальная переменная инициализирована, но не использована
  WalkerNPC.c
  Создание кода...
     Создается библиотека .\../Final/jampgamex86.lib и объект .\../Final/jampgamex86.exp
  JK2_game.vcxproj -> D:\Star Wars JA\ZZZ Razrabotka\BasedRP\ojpenhanced\jampgamex86.dll
