c:\myprojects\basedrp\source\final\ui\vc143.pdb
c:\myprojects\basedrp\source\final\ui\ui_syscalls.obj
c:\myprojects\basedrp\source\final\ui\ui_shared.obj
c:\myprojects\basedrp\source\final\ui\ui_saber.obj
c:\myprojects\basedrp\source\final\ui\ui_main.obj
c:\myprojects\basedrp\source\final\ui\ui_gameinfo.obj
c:\myprojects\basedrp\source\final\ui\ui_force.obj
c:\myprojects\basedrp\source\final\ui\ui_atoms.obj
c:\myprojects\basedrp\source\final\ui\q_shared.obj
c:\myprojects\basedrp\source\final\ui\q_math.obj
c:\myprojects\basedrp\source\final\ui\bg_weapons.obj
c:\myprojects\basedrp\source\final\ui\bg_vehicleload.obj
c:\myprojects\basedrp\source\final\ui\bg_saga.obj
c:\myprojects\basedrp\source\final\ui\bg_misc.obj
c:\myprojects\basedrp\ojpenhanced\uix86.dll
c:\myprojects\basedrp\source\final\uix86.map
c:\myprojects\basedrp\source\final\uix86.lib
c:\myprojects\basedrp\source\final\uix86.exp
c:\myprojects\basedrp\source\final\ui\ui.tlog\cl.command.1.tlog
c:\myprojects\basedrp\source\final\ui\ui.tlog\cl.items.tlog
c:\myprojects\basedrp\source\final\ui\ui.tlog\cl.read.1.tlog
c:\myprojects\basedrp\source\final\ui\ui.tlog\cl.write.1.tlog
c:\myprojects\basedrp\source\final\ui\ui.tlog\link.command.1.tlog
c:\myprojects\basedrp\source\final\ui\ui.tlog\link.read.1.tlog
c:\myprojects\basedrp\source\final\ui\ui.tlog\link.write.1.tlog
c:\myprojects\basedrp\source\final\ui\ui.tlog\link.write.2u.tlog
